  test.c
c:\users\wyw15\desktop\新建代码1\test8_17\test8_17\test.c(5): error C2061: 语法错误: 标识符“Solution”
c:\users\wyw15\desktop\新建代码1\test8_17\test8_17\test.c(5): error C2059: 语法错误:“;”
c:\users\wyw15\desktop\新建代码1\test8_17\test8_17\test.c(6): error C2449: 在文件范围内找到“{”(是否缺少函数头?)
c:\users\wyw15\desktop\新建代码1\test8_17\test8_17\test.c(58): error C2059: 语法错误:“}”
