  test.c
c:\users\wyw15\desktop\新建代码1\test8_12_1\test8_12_1\test.c(54): error C2146: 语法错误: 缺少“;”(在标识符“；”的前面)
c:\users\wyw15\desktop\新建代码1\test8_12_1\test8_12_1\test.c(55): error C2143: 语法错误 : 缺少“{”(在“for”的前面)
c:\users\wyw15\desktop\新建代码1\test8_12_1\test8_12_1\test.c(55): error C2059: 语法错误:“for”
c:\users\wyw15\desktop\新建代码1\test8_12_1\test8_12_1\test.c(55): error C2143: 语法错误 : 缺少“{”(在“<”的前面)
c:\users\wyw15\desktop\新建代码1\test8_12_1\test8_12_1\test.c(55): error C2059: 语法错误:“<”
c:\users\wyw15\desktop\新建代码1\test8_12_1\test8_12_1\test.c(55): error C2059: 语法错误:“++”
c:\users\wyw15\desktop\新建代码1\test8_12_1\test8_12_1\test.c(55): error C2059: 语法错误:“)”
