  test.c
c:\users\wyw15\desktop\新建代码1\test9_5\test9_5\test.c(4): error C2059: 语法错误:“常量”
c:\users\wyw15\desktop\新建代码1\test9_5\test9_5\test.c(17): error C2016: C 要求一个结构或联合至少有一个成员
c:\users\wyw15\desktop\新建代码1\test9_5\test9_5\test.c(17): error C2061: 语法错误: 标识符“SLDataType”
c:\users\wyw15\desktop\新建代码1\test9_5\test9_5\test.c(18): error C2061: 语法错误: 标识符“size”
c:\users\wyw15\desktop\新建代码1\test9_5\test9_5\test.c(18): error C2059: 语法错误:“;”
c:\users\wyw15\desktop\新建代码1\test9_5\test9_5\test.c(19): error C2059: 语法错误:“}”
c:\users\wyw15\desktop\新建代码1\test9_5\test9_5\test.c(22): error C2061: 语法错误: 标识符“SLDataType”
c:\users\wyw15\desktop\新建代码1\test9_5\test9_5\test.c(22): error C2059: 语法错误:“;”
c:\users\wyw15\desktop\新建代码1\test9_5\test9_5\test.c(24): error C2061: 语法错误: 标识符“例如：”
c:\users\wyw15\desktop\新建代码1\test9_5\test9_5\test.c(24): error C2059: 语法错误:“;”
c:\users\wyw15\desktop\新建代码1\test9_5\test9_5\test.c(25): error C2143: 语法错误 : 缺少“{”(在“常量”的前面)
c:\users\wyw15\desktop\新建代码1\test9_5\test9_5\test.c(25): error C2059: 语法错误:“常量”
c:\users\wyw15\desktop\新建代码1\test9_5\test9_5\test.c(29): error C2061: 语法错误: 标识符“【size】将里面的元素记录起来”
c:\users\wyw15\desktop\新建代码1\test9_5\test9_5\test.c(29): error C2059: 语法错误:“;”
c:\users\wyw15\desktop\新建代码1\test9_5\test9_5\test.c(32): error C2061: 语法错误: 标识符“改良版：静态只能存储固定的，我们需要动态的（可以改变存储大小的顺序表）”
c:\users\wyw15\desktop\新建代码1\test9_5\test9_5\test.c(32): error C2059: 语法错误:“;”
c:\users\wyw15\desktop\新建代码1\test9_5\test9_5\test.c(35): error C2054: 在“顺序表的动态存储”之后应输入“(”
c:\users\wyw15\desktop\新建代码1\test9_5\test9_5\test.c(36): error C2016: C 要求一个结构或联合至少有一个成员
c:\users\wyw15\desktop\新建代码1\test9_5\test9_5\test.c(36): error C2061: 语法错误: 标识符“SLDataType”
c:\users\wyw15\desktop\新建代码1\test9_5\test9_5\test.c(37): error C2061: 语法错误: 标识符“size”
c:\users\wyw15\desktop\新建代码1\test9_5\test9_5\test.c(37): error C2059: 语法错误:“;”
c:\users\wyw15\desktop\新建代码1\test9_5\test9_5\test.c(38): error C2061: 语法错误: 标识符“capicity”
c:\users\wyw15\desktop\新建代码1\test9_5\test9_5\test.c(38): error C2059: 语法错误:“;”
c:\users\wyw15\desktop\新建代码1\test9_5\test9_5\test.c(39): error C2059: 语法错误:“}”
