  test.c
c:\users\wyw15\desktop\新建代码1\test5_9\test5_9\test.c(60): error C2449: 在文件范围内找到“{”(是否缺少函数头?)
c:\users\wyw15\desktop\新建代码1\test5_9\test5_9\test.c(70): error C2059: 语法错误:“}”
