  test.c
c:\users\wyw15\desktop\新建代码1\test10_4\test10_4\test.c(2): error C2059: 语法错误:“常量”
c:\users\wyw15\desktop\新建代码1\test10_4\test10_4\test.c(7): error C2017: 非法的转义序列
c:\users\wyw15\desktop\新建代码1\test10_4\test10_4\test.c(24): error C2017: 非法的转义序列
