生成启动时间为 2020/4/27 17:15:42。
     1>项目“C:\xinjiandaima\test4_27\test4_27\test4_27.vcxproj”在节点 2 上(Build 个目标)。
     1>ClCompile:
         C:\Program Files (x86)\Microsoft Visual Studio 12.0\VC\bin\CL.exe /c /ZI /nologo /W3 /WX- /sdl /Od /Oy- /D _MBCS /Gm /EHsc /RTC1 /MDd /GS /fp:precise /Zc:wchar_t /Zc:forScope /Fo"Debug\\" /Fd"Debug\vc120.pdb" /Gd /TC /analyze- /errorReport:prompt test.c
         test.c
     1>c:\xinjiandaima\test4_27\test4_27\test.c(83): warning C4013: “malloc”未定义；假设外部返回 int
     1>c:\xinjiandaima\test4_27\test4_27\test.c(83): error C2065: “A”: 未声明的标识符
     1>c:\xinjiandaima\test4_27\test4_27\test.c(83): error C2065: “B”: 未声明的标识符
     1>已完成生成项目“C:\xinjiandaima\test4_27\test4_27\test4_27.vcxproj”(Build 个目标)的操作 - 失败。

生成失败。

已用时间 00:00:01.28
