  test.c
c:\users\wyw15\desktop\新建代码1\test9_4\test9_4\test.c(4): error C2061: 语法错误: 标识符“目录：”
c:\users\wyw15\desktop\新建代码1\test9_4\test9_4\test.c(4): error C2059: 语法错误:“;”
c:\users\wyw15\desktop\新建代码1\test9_4\test9_4\test.c(5): error C2059: 语法错误:“常量”
