  test.c
c:\users\wyw15\desktop\新建代码1\test8_7\test8_7\test.c(49): error C2061: 语法错误: 标识符“PalindromeList”
c:\users\wyw15\desktop\新建代码1\test8_7\test8_7\test.c(49): error C2059: 语法错误:“;”
c:\users\wyw15\desktop\新建代码1\test8_7\test8_7\test.c(50): error C2449: 在文件范围内找到“{”(是否缺少函数头?)
c:\users\wyw15\desktop\新建代码1\test8_7\test8_7\test.c(101): error C2059: 语法错误:“}”
