  test.c
c:\users\wyw15\desktop\新建代码1\test9_3\test9_3\test.c(4): error C2143: 语法错误 : 缺少“{”(在“常量”的前面)
c:\users\wyw15\desktop\新建代码1\test9_3\test9_3\test.c(4): error C2059: 语法错误:“常量”
