  test.c
c:\users\wyw15\desktop\新建代码1\test8_2\test8_2\test.c(66): error C2061: 语法错误: 标识符“Node”
c:\users\wyw15\desktop\新建代码1\test8_2\test8_2\test.c(66): error C2059: 语法错误:“;”
c:\users\wyw15\desktop\新建代码1\test8_2\test8_2\test.c(66): error C2146: 语法错误: 缺少“)”(在标识符“first”的前面)
c:\users\wyw15\desktop\新建代码1\test8_2\test8_2\test.c(66): error C2061: 语法错误: 标识符“first”
c:\users\wyw15\desktop\新建代码1\test8_2\test8_2\test.c(66): error C2059: 语法错误:“)”
c:\users\wyw15\desktop\新建代码1\test8_2\test8_2\test.c(67): error C2449: 在文件范围内找到“{”(是否缺少函数头?)
c:\users\wyw15\desktop\新建代码1\test8_2\test8_2\test.c(77): error C2059: 语法错误:“}”
