  test.c
c:\users\wyw15\desktop\新建代码1\test8_9\test8_9\test.c(25): error C2061: 语法错误: 标识符“hasCycle”
c:\users\wyw15\desktop\新建代码1\test8_9\test8_9\test.c(25): error C2059: 语法错误:“;”
c:\users\wyw15\desktop\新建代码1\test8_9\test8_9\test.c(25): error C2059: 语法错误:“类型”
