  test.c
c:\users\wyw15\desktop\新建代码1\test8_19\test8_19\test.c(49): error C2061: 语法错误: 标识符“r”
c:\users\wyw15\desktop\新建代码1\test8_19\test8_19\test.c(49): error C2059: 语法错误:“;”
c:\users\wyw15\desktop\新建代码1\test8_19\test8_19\test.c(49): error C2059: 语法错误:“->”
c:\users\wyw15\desktop\新建代码1\test8_19\test8_19\test.c(49): error C2143: 语法错误 : 缺少“{”(在“->”的前面)
c:\users\wyw15\desktop\新建代码1\test8_19\test8_19\test.c(50): error C2143: 语法错误 : 缺少“{”(在“->”的前面)
c:\users\wyw15\desktop\新建代码1\test8_19\test8_19\test.c(50): error C2059: 语法错误:“->”
c:\users\wyw15\desktop\新建代码1\test8_19\test8_19\test.c(51): error C2143: 语法错误 : 缺少“{”(在“->”的前面)
c:\users\wyw15\desktop\新建代码1\test8_19\test8_19\test.c(51): error C2059: 语法错误:“->”
c:\users\wyw15\desktop\新建代码1\test8_19\test8_19\test.c(52): error C2143: 语法错误 : 缺少“{”(在“->”的前面)
c:\users\wyw15\desktop\新建代码1\test8_19\test8_19\test.c(52): error C2059: 语法错误:“->”
